2025-07-08 19:54:20,910 - INFO - entered batch training
2025-07-08 19:54:22,614 - INFO - Epoch: 0 Batch 0: mu : tensor([[-0.5327,  0.4162, -0.7099,  ..., -0.1588, -0.3185,  0.0639],
        [ 0.0226,  0.0393,  0.3283,  ...,  0.0776, -0.0185, -0.2340]],
       device='cuda:0', grad_fn=<AddmmBackward0>)
logvar : tensor([[ 0.1283, -0.7711,  0.0506,  ...,  0.2573,  0.0119, -0.1755],
        [ 0.9722, -0.7494,  1.0624,  ...,  0.3363,  0.6374,  0.0315]],
       device='cuda:0', grad_fn=<AddmmBackward0>)
2025-07-08 19:54:38,813 - INFO - Epoch: 0 Batch 1: mu : tensor([[ 1.2402,  3.2573,  0.7328,  ..., -1.0089,  0.9747, -1.5743],
        [ 0.8076,  3.4359,  0.6339,  ..., -0.6906,  0.7475, -1.5877]],
       device='cuda:0', grad_fn=<AddmmBackward0>)
logvar : tensor([[ 1.7293,  2.6577,  1.7196,  ..., -0.5053, -0.0116, -1.4820],
        [ 1.7768,  2.5903,  1.6350,  ..., -0.6059, -0.2695, -1.4976]],
       device='cuda:0', grad_fn=<AddmmBackward0>)
2025-07-08 19:55:06,241 - INFO - Epoch: 0 Batch 2: mu : tensor([[ 0.8940,  5.9508,  0.5552,  ..., -1.5248,  0.5800, -2.9018],
        [ 0.8005,  5.3259,  0.5215,  ..., -1.5157,  0.2022, -2.4948]],
       device='cuda:0', grad_fn=<AddmmBackward0>)
logvar : tensor([[ 0.9981,  5.3924,  1.7960,  ..., -1.4067, -1.5908, -1.4781],
        [ 0.7964,  4.8066,  1.4472,  ..., -1.2921, -1.5132, -1.1809]],
       device='cuda:0', grad_fn=<AddmmBackward0>)
2025-07-08 19:55:37,841 - INFO - Epoch: 0 Batch 3: mu : tensor([[ 0.3270,  4.9778,  0.7089,  ..., -1.2536,  0.2550, -1.6977],
        [ 0.4652,  7.5415,  1.3055,  ..., -1.9849,  0.8611, -2.5006]],
       device='cuda:0', grad_fn=<AddmmBackward0>)
logvar : tensor([[ 1.0956,  2.9783,  1.0081,  ..., -1.0292, -1.6882, -1.5254],
        [ 0.8580,  5.5259,  1.5640,  ..., -1.5782, -2.2662, -1.9754]],
       device='cuda:0', grad_fn=<AddmmBackward0>)
2025-07-08 19:56:06,284 - INFO - Epoch: 0 Batch 4: mu : tensor([[ 0.5092,  3.1865,  0.3979,  ..., -0.7615,  0.4097, -0.4983],
        [ 1.9107, 11.2370,  1.8125,  ..., -3.1983,  2.0889, -3.7005]],
       device='cuda:0', grad_fn=<AddmmBackward0>)
logvar : tensor([[ 0.3914,  1.9122,  0.4266,  ..., -1.2178, -0.7160, -0.2587],
        [ 2.4204,  6.2371,  1.6269,  ..., -3.4313, -3.7962, -3.1027]],
       device='cuda:0', grad_fn=<AddmmBackward0>)
2025-07-08 19:56:36,099 - INFO - Epoch: 0 Batch 5: mu : tensor([[ 1.8035, 13.4212,  0.8798,  ..., -2.8762,  3.8147, -3.7007],
        [ 0.8347,  4.4178,  0.5047,  ..., -0.7191,  1.1969, -1.2949]],
       device='cuda:0', grad_fn=<AddmmBackward0>)
logvar : tensor([[ 1.7634,  4.5343,  0.5173,  ..., -3.4045, -3.4972, -2.0589],
        [ 1.0539,  2.1648,  0.4357,  ..., -2.0859, -1.1106, -0.5439]],
       device='cuda:0', grad_fn=<AddmmBackward0>)
2025-07-08 19:57:04,339 - INFO - Epoch: 0 Batch 6: mu : tensor([[ 0.0777,  1.1090, -0.0871,  ..., -0.2764,  0.1385, -0.1677],
        [ 3.4098, 19.1831,  1.3293,  ..., -4.1498,  5.1790, -5.5781]],
       device='cuda:0', grad_fn=<AddmmBackward0>)
logvar : tensor([[-0.1068,  0.3975, -0.0277,  ..., -0.6595, -0.2471, -0.1595],
        [ 2.7568,  5.7453,  0.8996,  ..., -5.2751, -6.1378, -3.1715]],
       device='cuda:0', grad_fn=<AddmmBackward0>)
2025-07-08 19:57:32,744 - INFO - Epoch: 0 Batch 7: mu : tensor([[ 0.0229,  0.8731, -0.1282,  ..., -0.2353,  0.2426, -0.1836],
        [ 4.0850, 21.0926,  1.2357,  ..., -4.8319,  5.5823, -5.7847]],
       device='cuda:0', grad_fn=<AddmmBackward0>)
logvar : tensor([[-0.1027,  0.3057,  0.0792,  ..., -0.5432, -0.1324, -0.2835],
        [ 2.6711,  5.5412,  0.6210,  ..., -6.1249, -7.0742, -3.3323]],
       device='cuda:0', grad_fn=<AddmmBackward0>)
2025-07-08 19:58:00,836 - INFO - Epoch: 0 Batch 8: mu : tensor([[ 1.5339, 12.8068, -0.5398,  ..., -2.5448,  3.5492, -3.3668],
        [ 0.9263,  8.1535, -0.7812,  ..., -1.3515,  2.1361, -1.8321]],
       device='cuda:0', grad_fn=<AddmmBackward0>)
logvar : tensor([[ 1.3190,  2.8045, -0.4362,  ..., -4.1201, -4.4606, -2.5919],
        [ 1.1127,  1.9881, -0.2262,  ..., -2.1176, -2.8264, -1.5346]],
       device='cuda:0', grad_fn=<AddmmBackward0>)
2025-07-08 19:58:29,373 - INFO - Epoch: 0 Batch 9: mu : tensor([[-0.0684,  0.9029, -0.1408,  ..., -0.2868,  0.2271, -0.2555],
        [ 4.5276, 23.6716,  0.2294,  ..., -4.9458,  6.9124, -6.2486]],
       device='cuda:0', grad_fn=<AddmmBackward0>)
logvar : tensor([[-0.1785,  0.1382,  0.0382,  ..., -0.7060, -0.4242, -0.2648],
        [ 2.9192,  4.6223, -0.3564,  ..., -7.2282, -8.7158, -3.7605]],
       device='cuda:0', grad_fn=<AddmmBackward0>)
2025-07-08 19:58:56,574 - INFO - Epoch: 0 Batch 10: mu : tensor([[ 1.4041,  8.6303, -0.7143,  ..., -1.8550,  2.5816, -1.9064],
        [ 2.5393, 15.5403, -0.6489,  ..., -2.8334,  4.9767, -4.1410]],
       device='cuda:0', grad_fn=<AddmmBackward0>)
logvar : tensor([[ 1.3550,  2.3962, -0.2592,  ..., -3.4564, -3.5414, -2.0389],
        [ 2.8582,  2.8158, -0.6387,  ..., -5.5244, -6.0690, -3.0828]],
       device='cuda:0', grad_fn=<AddmmBackward0>)
2025-07-08 19:59:27,710 - INFO - Epoch: 0 Batch 11: mu : tensor([[ 0.0770,  2.0216, -0.3617,  ..., -0.4605,  0.4307, -0.4946],
        [ 4.3721, 23.3337, -0.8009,  ..., -4.4993,  7.3873, -5.8188]],
       device='cuda:0', grad_fn=<AddmmBackward0>)
logvar : tensor([[-0.1444,  0.6185, -0.2707,  ..., -1.3943, -1.0266, -0.4352],
        [ 3.3388,  3.7122, -0.9173,  ..., -7.4485, -9.4179, -3.8698]],
       device='cuda:0', grad_fn=<AddmmBackward0>)
2025-07-08 19:59:56,700 - INFO - Epoch: 0 Batch 12: mu : tensor([[-0.0713,  1.2070, -0.2513,  ..., -0.2864,  0.1849, -0.3117],
        [ 4.7809, 25.0495, -0.5923,  ..., -4.9465,  8.0406, -6.1387]],
       device='cuda:0', grad_fn=<AddmmBackward0>)
logvar : tensor([[-0.2732,  0.1983, -0.2580,  ..., -0.9907, -0.7661, -0.2377],
        [ 3.5291,  3.9754, -1.0926,  ..., -8.3019, -9.7782, -4.0259]],
       device='cuda:0', grad_fn=<AddmmBackward0>)
2025-07-08 20:00:24,280 - INFO - Epoch: 0 Batch 13: mu : tensor([[ 0.4428,  3.9818, -0.5562,  ..., -0.8094,  1.2211, -0.8718],
        [ 4.0751, 21.8262, -0.8460,  ..., -4.2299,  7.2157, -5.3805]],
       device='cuda:0', grad_fn=<AddmmBackward0>)
logvar : tensor([[ 0.2155,  1.0873, -0.4817,  ..., -2.2372, -1.9741, -0.9340],
        [ 3.3056,  3.0686, -1.0265,  ..., -7.3071, -8.9238, -3.5930]],
       device='cuda:0', grad_fn=<AddmmBackward0>)
2025-07-08 20:00:51,452 - INFO - Epoch: 0 Batch 14: mu : tensor([[ 3.2467, 19.1032, -0.3524,  ..., -3.6788,  6.3684, -4.9614],
        [ 1.1027,  7.8241, -0.9418,  ..., -1.5323,  2.7956, -1.6760]],
       device='cuda:0', grad_fn=<AddmmBackward0>)
logvar : tensor([[ 2.7018,  2.3481, -1.1239,  ..., -6.1623, -7.4614, -3.0179],
        [ 1.0211,  2.4115, -0.7653,  ..., -3.8348, -3.6359, -1.5937]],
       device='cuda:0', grad_fn=<AddmmBackward0>)
2025-07-08 20:01:18,916 - INFO - Epoch: 0 Batch 15: mu : tensor([[ 0.3400,  3.4896, -0.5306,  ..., -0.6656,  1.0780, -0.7806],
        [ 4.5067, 23.9422, -1.1297,  ..., -4.6787,  7.9281, -5.8028]],
       device='cuda:0', grad_fn=<AddmmBackward0>)
logvar : tensor([[  0.1346,   1.0348,  -0.4790,  ...,  -2.2328,  -1.8271,  -0.8637],
        [  3.4016,   2.6587,  -1.4933,  ...,  -8.0714, -10.1598,  -3.8227]],
       device='cuda:0', grad_fn=<AddmmBackward0>)
2025-07-08 20:01:47,158 - INFO - Epoch: 0 Batch 16: mu : tensor([[-0.1496,  0.6521, -0.1446,  ..., -0.1829,  0.0683, -0.1775],
        [ 5.9171, 28.9385, -0.7983,  ..., -5.4951,  9.7311, -6.7994]],
       device='cuda:0', grad_fn=<AddmmBackward0>)
logvar : tensor([[ -0.2462,  -0.0595,  -0.1934,  ...,  -0.6698,  -0.5275,  -0.1968],
        [  4.1631,   3.6617,  -1.6532,  ...,  -9.9941, -11.4008,  -4.4070]],
       device='cuda:0', grad_fn=<AddmmBackward0>)
2025-07-08 20:02:17,036 - INFO - Epoch: 0 Batch 17: mu : tensor([[ 0.0899,  2.2403, -0.4976,  ..., -0.4509,  0.5887, -0.4751],
        [ 5.1290, 25.8291, -1.4909,  ..., -4.5766,  8.8808, -5.7238]],
       device='cuda:0', grad_fn=<AddmmBackward0>)
logvar : tensor([[ -0.2207,   0.3679,  -0.5102,  ...,  -1.4158,  -1.2567,  -0.4594],
        [  4.3782,   3.6890,  -1.7411,  ...,  -9.0762, -10.6395,  -4.2017]],
       device='cuda:0', grad_fn=<AddmmBackward0>)
2025-07-08 20:02:48,278 - INFO - Epoch: 0 Batch 18: mu : tensor([[ 3.9723, 21.7274, -2.0314,  ..., -2.9377,  7.8985, -4.3389],
        [ 0.6680,  8.4783, -1.2239,  ..., -1.6539,  2.9822, -2.4605]],
       device='cuda:0', grad_fn=<AddmmBackward0>)
logvar : tensor([[ 4.1268,  4.7761, -1.7863,  ..., -8.1766, -8.6187, -4.1599],
        [ 1.2111,  0.3530, -1.0295,  ..., -3.1920, -3.9340, -1.6208]],
       device='cuda:0', grad_fn=<AddmmBackward0>)
2025-07-08 20:03:20,338 - INFO - Epoch: 0 Batch 19: mu : tensor([[-0.1243,  1.6207, -0.5201,  ..., -0.3213,  0.3439, -0.4037],
        [ 6.0887, 28.2953, -1.2705,  ..., -4.7541,  9.8380, -5.8659]],
       device='cuda:0', grad_fn=<AddmmBackward0>)
logvar : tensor([[ -0.2526,   0.0580,  -0.4014,  ...,  -1.0211,  -1.0458,  -0.3770],
        [  5.2045,   4.4270,  -1.5626,  ...,  -9.7853, -11.1769,  -4.7111]],
       device='cuda:0', grad_fn=<AddmmBackward0>)
2025-07-08 20:03:49,559 - INFO - Epoch: 0 Batch 20: mu : tensor([[ 2.6591, 15.5361, -2.1604,  ..., -2.5163,  5.5277, -3.3284],
        [ 2.6754, 14.7196, -1.5744,  ..., -2.6976,  4.9369, -3.4669]],
       device='cuda:0', grad_fn=<AddmmBackward0>)
logvar : tensor([[ 3.0981,  3.1745, -1.5859,  ..., -6.3881, -7.0303, -3.3183],
        [ 2.9623,  1.3840, -1.0240,  ..., -5.3469, -6.3692, -3.2129]],
       device='cuda:0', grad_fn=<AddmmBackward0>)
